18:02:42.289 [main]  {} [] DEBUG base.PageObject - By.xpath: /html/body/div[5]/div[2]/div/div[1] Timeout exceeded
18:07:13.151 [main]  {} [] DEBUG base.PageObject - By.xpath: /html/body/div[5]/div[2]/div/div[1] Timeout exceeded
18:11:42.897 [main]  {} [] DEBUG base.PageObject - By.xpath: /html/body/div[5]/div[2]/div/div[1] Timeout exceeded
18:15:31.567 [main]  {} [] DEBUG base.PageObject - By.xpath: /html/body/div[5]/div[2]/div/div[1] Timeout exceeded
18:26:37.201 [main]  {} [] DEBUG base.PageObject - By.xpath: //*[@id='header']/nav Timeout exceeded
18:29:14.254 [main]  {} [] DEBUG base.PageObject - By.xpath: //*[@id='header']/nav Timeout exceeded
18:31:13.654 [main]  {} [] DEBUG base.PageObject - By.xpath: //*[@id='header']/nav Timeout exceeded
18:35:26.267 [main]  {} [] DEBUG base.PageObject - By.xpath: //*[@id='header']/nav Timeout exceeded
18:36:28.382 [main]  {} [] DEBUG base.PageObject - By.xpath: //*[@id='header']/nav Timeout exceeded
18:40:16.718 [main]  {} [] DEBUG base.PageObject - By.xpath: /html/body/div[5]/div[2]/div/div[1] Timeout exceeded
18:40:29.363 [main]  {} [] DEBUG base.PageObject - By.xpath: //*[@id='header']/nav Timeout exceeded
18:46:47.435 [main]  {} [] DEBUG base.PageObject - By.xpath: /html/body/div[5]/div[2]/div/div[1] Timeout exceeded
18:47:00.101 [main]  {} [] DEBUG base.PageObject - By.xpath: //*[@id='header']/nav Timeout exceeded
18:54:35.503 [main]  {} [] DEBUG base.PageObject - By.xpath: /html/body/div[5]/div[2]/div/div[1] Timeout exceeded
18:54:46.462 [main]  {} [] DEBUG base.PageObject - By.xpath: //*[@id='header']/nav Timeout exceeded
18:56:45.967 [main]  {} [] DEBUG base.PageObject - By.xpath: /html/body/div[5]/div[2]/div/div[1] Timeout exceeded
18:56:57.126 [main]  {} [] DEBUG base.PageObject - By.xpath: //*[@id='header']/nav Timeout exceeded
18:59:43.994 [main]  {} [] DEBUG base.PageObject - By.xpath: //*[@id='header']/nav Timeout exceeded
19:00:50.999 [main]  {} [] DEBUG base.PageObject - By.xpath: //*[@id='header']/nav Timeout exceeded
19:01:59.219 [main]  {} [] DEBUG base.PageObject - By.xpath: //*[@id='header']/nav Timeout exceeded
19:06:06.084 [main]  {} [] DEBUG base.PageObject - By.xpath: //*[@id='header']/nav Timeout exceeded
19:07:18.550 [main]  {} [] DEBUG base.PageObject - By.xpath: //*[@id='header']/nav Timeout exceeded
19:12:36.573 [main]  {} [] DEBUG base.PageObject - By.xpath: //*[@id='header']/nav Timeout exceeded
19:13:38.095 [main]  {} [] DEBUG base.PageObject - By.xpath: /html/body/div[5]/div[2]/div/div[1] Timeout exceeded
19:13:49.026 [main]  {} [] DEBUG base.PageObject - By.xpath: //*[@id='header']/nav Timeout exceeded
19:19:42.323 [main]  {} [] DEBUG base.PageObject - By.xpath: /html/body/div[5]/div[2]/div/div[1] Timeout exceeded
19:20:05.741 [main]  {} [] DEBUG base.PageObject - By.xpath: //*[@id='header']/nav Timeout exceeded
19:23:57.456 [main]  {} [] DEBUG base.PageObject - By.xpath: /html/body/div[5]/div[2]/div/div[1] Timeout exceeded
19:24:13.339 [main]  {} [] DEBUG base.PageObject - By.xpath: //*[@id='header']/nav Timeout exceeded
19:25:17.637 [main]  {} [] DEBUG base.PageObject - By.xpath: /html/body/div[5]/div[2]/div/div[1] Timeout exceeded
19:25:29.607 [main]  {} [] DEBUG base.PageObject - By.xpath: //*[@id='header']/nav Timeout exceeded
19:36:13.235 [main]  {} [] DEBUG base.PageObject - By.xpath: /html/body/div[5]/div[2]/div/div[1] Timeout exceeded
19:37:01.458 [main]  {} [] DEBUG base.PageObject - By.xpath: /html/body/div[5]/div[2]/div/div[1] Timeout exceeded
19:37:40.297 [main]  {} [] DEBUG base.PageObject - By.xpath: /html/body/div[5]/div[2]/div/div[1] Timeout exceeded
19:42:53.150 [main]  {} [] DEBUG base.PageObject - By.xpath: //*[@id='header']/nav Timeout exceeded
19:48:12.442 [main]  {} [] DEBUG base.PageObject - By.xpath: //*[@id='header']/nav Timeout exceeded
19:54:53.971 [pool-1-thread-1]  {} [] DEBUG base.PageObject - By.xpath: //*[@id='header']/nav Timeout exceeded
12:08:06.159 [pool-1-thread-1]  {} [] DEBUG base.PageObject - By.xpath: /html/body/div[5]/div[2]/div/div[1] Timeout exceeded
12:08:18.385 [pool-1-thread-1]  {} [] DEBUG base.PageObject - By.xpath: //*[@id='header']/nav Timeout exceeded
12:26:02.700 [pool-1-thread-1]  {} [] DEBUG base.PageObject - By.xpath: /html/body/div[5]/div[2]/div/div[1] Timeout exceeded
12:26:10.833 [pool-1-thread-1]  {} [] DEBUG base.PageObject - By.xpath: //*[@id='acc-alert-close'] Timeout exceeded
